Fri Dec  4 13:04:40 2020 Logging started
Fri Dec  4 13:04:40 2020 Starting state space test-case generation
Fri Dec  4 13:04:40 2020 Configuration: tiotatc
Fri Dec  4 13:04:40 2020 Test cases   : 1
Fri Dec  4 13:04:40 2020 Completed
Fri Dec  4 13:04:40 2020 Logging stopped
Fri Dec  4 13:05:15 2020 Logging started
Fri Dec  4 13:05:15 2020 Starting state space test-case generation
Fri Dec  4 13:05:15 2020 Configuration: tiotatc
Fri Dec  4 13:05:15 2020 Test cases   : 1
Fri Dec  4 13:05:15 2020 Completed
Fri Dec  4 13:05:15 2020 Logging stopped
Fri Dec  4 13:05:23 2020 Logging started
Fri Dec  4 13:05:23 2020 Starting state space test-case generation
Fri Dec  4 13:05:23 2020 Configuration: tiotatc
Fri Dec  4 13:05:23 2020 Test cases   : 1
Fri Dec  4 13:05:23 2020 Completed
Fri Dec  4 13:05:23 2020 Logging stopped
Fri Dec  4 13:21:20 2020 Logging started
Fri Dec  4 13:21:20 2020 Starting state space test-case generation
Fri Dec  4 13:21:20 2020 Configuration: tiotatc
Fri Dec  4 13:21:20 2020 Test cases   : 1
Fri Dec  4 13:21:20 2020 Completed
Fri Dec  4 13:21:20 2020 Logging stopped
Fri Dec  4 13:21:38 2020 Logging started
Fri Dec  4 13:21:38 2020 Starting state space test-case generation
Fri Dec  4 13:21:38 2020 Configuration: tiotatc
Fri Dec  4 13:21:38 2020 Test cases   : 1
Fri Dec  4 13:21:38 2020 Completed
Fri Dec  4 13:21:38 2020 Logging stopped
Fri Dec  4 13:23:23 2020 Logging started
Fri Dec  4 13:23:23 2020 Starting state space test-case generation
Fri Dec  4 13:23:23 2020 Configuration: tiotatc
Fri Dec  4 13:23:23 2020 Test cases   : 1
Fri Dec  4 13:23:23 2020 Completed
Fri Dec  4 13:23:23 2020 Logging stopped
Fri Dec  4 13:38:16 2020 Logging started
Fri Dec  4 13:38:16 2020 Starting state space test-case generation
Fri Dec  4 13:38:16 2020 Configuration: tiotatc
Fri Dec  4 13:38:16 2020 Test cases   : 1
Fri Dec  4 13:38:16 2020 Completed
Fri Dec  4 13:38:16 2020 Logging stopped
Fri Dec  4 13:48:46 2020 Logging started
Fri Dec  4 13:48:46 2020 Starting state space test-case generation
Fri Dec  4 13:48:46 2020 Configuration: tiotatc
Fri Dec  4 13:48:46 2020 Test cases   : 1
Fri Dec  4 13:48:46 2020 Completed
Fri Dec  4 13:48:46 2020 Logging stopped
Fri Dec  4 14:05:32 2020 Logging started
Fri Dec  4 14:05:32 2020 Starting state space test-case generation
Fri Dec  4 14:05:32 2020 Configuration: tiotatc
Fri Dec  4 14:05:32 2020 Test cases   : 1
Fri Dec  4 14:05:32 2020 Completed
Fri Dec  4 14:05:32 2020 Logging stopped
Fri Dec  4 14:14:05 2020 Logging started
Fri Dec  4 14:14:05 2020 Starting state space test-case generation
Fri Dec  4 14:14:05 2020 Configuration: tiotatc
Fri Dec  4 14:14:05 2020 Test cases   : 1
Fri Dec  4 14:14:05 2020 Completed
Fri Dec  4 14:14:05 2020 Logging stopped
Fri Dec  4 14:19:26 2020 Logging started
Fri Dec  4 14:19:26 2020 Starting state space test-case generation
Fri Dec  4 14:19:26 2020 Configuration: tiotatc
Fri Dec  4 14:19:26 2020 Test cases   : 1
Fri Dec  4 14:19:26 2020 Completed
Fri Dec  4 14:19:26 2020 Logging stopped
Fri Dec  4 14:21:05 2020 Logging started
Fri Dec  4 14:21:05 2020 Starting state space test-case generation
Fri Dec  4 14:21:08 2020 Starting state space test-case generation
Fri Dec  4 14:21:23 2020 Logging started
Fri Dec  4 14:21:23 2020 Starting state space test-case generation
Fri Dec  4 14:21:23 2020 Configuration: tiotatc
Fri Dec  4 14:21:23 2020 Test cases   : 1
Fri Dec  4 14:21:23 2020 Completed
Fri Dec  4 14:21:23 2020 Logging stopped
